<?xml version="1.0" encoding="UTF-8"?>
<testng-results ignored="0" total="2" passed="2" failed="0" skipped="0">
  <reporter-output>
    <line>
      <![CDATA['selenium' product search in 'Books' Category test is Successful...]]>
    </line>
    <line>
      <![CDATA['english' product search in 'Music' Category test is Successful...]]>
    </line>
  </reporter-output>
  <suite started-at="2023-03-01T16:08:15 IST" name="Default suite" finished-at="2023-03-01T16:08:32 IST" duration-ms="16934">
    <groups>
    </groups>
    <test started-at="2023-03-01T16:08:15 IST" name="Default test" finished-at="2023-03-01T16:08:32 IST" duration-ms="16934">
      <class name="ddfDemos.DdfProdCatSearch">
        <test-method signature="catSearch(java.lang.String,java.lang.String)[pri:0, instance:ddfDemos.DdfProdCatSearch@316bcf94]" started-at="2023-03-01T16:08:15 IST" name="catSearch" data-provider="ebayData" finished-at="2023-03-01T16:08:24 IST" duration-ms="8518" status="PASS">
          <params>
            <param index="0">
              <value>
                <![CDATA[Books]]>
              </value>
            </param>
            <param index="1">
              <value>
                <![CDATA[selenium]]>
              </value>
            </param>
          </params>
          <reporter-output>
            <line>
              <![CDATA['selenium' product search in 'Books' Category test is Successful...]]>
            </line>
          </reporter-output>
        </test-method> <!-- catSearch -->
        <test-method signature="catSearch(java.lang.String,java.lang.String)[pri:0, instance:ddfDemos.DdfProdCatSearch@316bcf94]" started-at="2023-03-01T16:08:24 IST" name="catSearch" data-provider="ebayData" finished-at="2023-03-01T16:08:32 IST" duration-ms="7818" status="PASS">
          <params>
            <param index="0">
              <value>
                <![CDATA[Music]]>
              </value>
            </param>
            <param index="1">
              <value>
                <![CDATA[english]]>
              </value>
            </param>
          </params>
          <reporter-output>
            <line>
              <![CDATA['english' product search in 'Music' Category test is Successful...]]>
            </line>
          </reporter-output>
        </test-method> <!-- catSearch -->
      </class> <!-- ddfDemos.DdfProdCatSearch -->
    </test> <!-- Default test -->
  </suite> <!-- Default suite -->
</testng-results>
